<?xml version="1.0" encoding="UTF-8"?>
<testsuite name="io.github.senthilganeshs.fj.ds.DequeTest" tests="8" skipped="0" failures="0" errors="0" timestamp="2026-04-24T11:56:35" hostname="AMB-7533LK" time="0.002">
  <properties/>
  <testcase name="testDequeBalance" classname="io.github.senthilganeshs.fj.ds.DequeTest" time="0.001"/>
  <testcase name="testDequeBalanceExhaustive" classname="io.github.senthilganeshs.fj.ds.DequeTest" time="0.0"/>
  <testcase name="testDequeBasic" classname="io.github.senthilganeshs.fj.ds.DequeTest" time="0.0"/>
  <testcase name="testDequeEmptyPop" classname="io.github.senthilganeshs.fj.ds.DequeTest" time="0.0"/>
  <testcase name="testDequeMixedPushPop" classname="io.github.senthilganeshs.fj.ds.DequeTest" time="0.0"/>
  <testcase name="testDequePersistence" classname="io.github.senthilganeshs.fj.ds.DequeTest" time="0.0"/>
  <testcase name="testDequePushPopBack" classname="io.github.senthilganeshs.fj.ds.DequeTest" time="0.0"/>
  <testcase name="testDequePushPopFront" classname="io.github.senthilganeshs.fj.ds.DequeTest" time="0.0"/>
  <system-out><![CDATA[]]></system-out>
  <system-err><![CDATA[]]></system-err>
</testsuite>
