<?xml version="1.0" encoding="UTF-8"?>
<testsuite name="io.github.senthilganeshs.fj.ds.EitherTest" tests="8" skipped="0" failures="0" errors="0" timestamp="2026-04-24T11:50:29" hostname="AMB-7533LK" time="0.002">
  <properties/>
  <testcase name="testEitherBasic" classname="io.github.senthilganeshs.fj.ds.EitherTest" time="0.0"/>
  <testcase name="testEitherCollectionAPIs" classname="io.github.senthilganeshs.fj.ds.EitherTest" time="0.001"/>
  <testcase name="testEitherEquals" classname="io.github.senthilganeshs.fj.ds.EitherTest" time="0.0"/>
  <testcase name="testEitherFrom" classname="io.github.senthilganeshs.fj.ds.EitherTest" time="0.0"/>
  <testcase name="testEitherLeftCollectionAPIs" classname="io.github.senthilganeshs.fj.ds.EitherTest" time="0.0"/>
  <testcase name="testEitherLeftsRights" classname="io.github.senthilganeshs.fj.ds.EitherTest" time="0.0"/>
  <testcase name="testEitherMethod" classname="io.github.senthilganeshs.fj.ds.EitherTest" time="0.0"/>
  <testcase name="testEitherStaticHelpers" classname="io.github.senthilganeshs.fj.ds.EitherTest" time="0.0"/>
  <system-out><![CDATA[]]></system-out>
  <system-err><![CDATA[]]></system-err>
</testsuite>
