<?xml version="1.0" encoding="UTF-8"?>
<testsuite name="io.github.senthilganeshs.fj.ds.MaybeTest" tests="6" skipped="0" failures="0" errors="0" timestamp="2026-04-24T11:42:13" hostname="AMB-7533LK" time="0.002">
  <properties/>
  <testcase name="testMaybeBasic" classname="io.github.senthilganeshs.fj.ds.MaybeTest" time="0.001"/>
  <testcase name="testMaybeCollectionAPIs" classname="io.github.senthilganeshs.fj.ds.MaybeTest" time="0.0"/>
  <testcase name="testMaybeFoldl" classname="io.github.senthilganeshs.fj.ds.MaybeTest" time="0.0"/>
  <testcase name="testMaybeFrom" classname="io.github.senthilganeshs.fj.ds.MaybeTest" time="0.0"/>
  <testcase name="testMaybeNothingCollectionAPIs" classname="io.github.senthilganeshs.fj.ds.MaybeTest" time="0.001"/>
  <testcase name="testMaybeToString" classname="io.github.senthilganeshs.fj.ds.MaybeTest" time="0.0"/>
  <system-out><![CDATA[]]></system-out>
  <system-err><![CDATA[]]></system-err>
</testsuite>
