<?xml version="1.0" encoding="UTF-8"?>
<testsuite name="io.github.senthilganeshs.fj.ds.RoseTreeTest" tests="6" skipped="0" failures="0" errors="0" timestamp="2026-04-24T11:42:13" hostname="AMB-7533LK" time="0.001">
  <properties/>
  <testcase name="testRoseTreeBasic" classname="io.github.senthilganeshs.fj.ds.RoseTreeTest" time="0.0"/>
  <testcase name="testRoseTreeBuild" classname="io.github.senthilganeshs.fj.ds.RoseTreeTest" time="0.0"/>
  <testcase name="testRoseTreeFoldl" classname="io.github.senthilganeshs.fj.ds.RoseTreeTest" time="0.0"/>
  <testcase name="testRoseTreeLeaf" classname="io.github.senthilganeshs.fj.ds.RoseTreeTest" time="0.0"/>
  <testcase name="testRoseTreeMap" classname="io.github.senthilganeshs.fj.ds.RoseTreeTest" time="0.001"/>
  <testcase name="testRoseTreeToString" classname="io.github.senthilganeshs.fj.ds.RoseTreeTest" time="0.0"/>
  <system-out><![CDATA[]]></system-out>
  <system-err><![CDATA[]]></system-err>
</testsuite>
