<?xml version="1.0" encoding="UTF-8"?>
<testsuite name="io.github.senthilganeshs.fj.ds.VectorTest" tests="5" skipped="0" failures="0" errors="0" timestamp="2026-04-24T11:42:13" hostname="AMB-7533LK" time="0.002">
  <properties/>
  <testcase name="testVectorBasic" classname="io.github.senthilganeshs.fj.ds.VectorTest" time="0.0"/>
  <testcase name="testVectorCollectionAPIs" classname="io.github.senthilganeshs.fj.ds.VectorTest" time="0.0"/>
  <testcase name="testVectorEdgeCases" classname="io.github.senthilganeshs.fj.ds.VectorTest" time="0.0"/>
  <testcase name="testVectorLarge" classname="io.github.senthilganeshs.fj.ds.VectorTest" time="0.001"/>
  <testcase name="testVectorUpdate" classname="io.github.senthilganeshs.fj.ds.VectorTest" time="0.001"/>
  <system-out><![CDATA[]]></system-out>
  <system-err><![CDATA[]]></system-err>
</testsuite>
