<?xml version="1.0" encoding="UTF-8"?>
<testsuite name="io.github.senthilganeshs.fj.ds.TupleTest" tests="4" skipped="0" failures="0" errors="0" timestamp="2026-04-24T11:56:35" hostname="AMB-7533LK" time="0.001">
  <properties/>
  <testcase name="testTupleBasic" classname="io.github.senthilganeshs.fj.ds.TupleTest" time="0.0"/>
  <testcase name="testTupleEmpty" classname="io.github.senthilganeshs.fj.ds.TupleTest" time="0.0"/>
  <testcase name="testTupleMap" classname="io.github.senthilganeshs.fj.ds.TupleTest" time="0.001"/>
  <testcase name="testTupleMapEmpty" classname="io.github.senthilganeshs.fj.ds.TupleTest" time="0.0"/>
  <system-out><![CDATA[]]></system-out>
  <system-err><![CDATA[]]></system-err>
</testsuite>
