<?xml version="1.0" encoding="UTF-8"?>
<testsuite name="io.github.senthilganeshs.fj.ds.CollectionDefaultsTest" tests="7" skipped="0" failures="0" errors="0" timestamp="2026-04-24T11:42:13" hostname="AMB-7533LK" time="0.008">
  <properties/>
  <testcase name="testAnyAll" classname="io.github.senthilganeshs.fj.ds.CollectionDefaultsTest" time="0.001"/>
  <testcase name="testFoldr" classname="io.github.senthilganeshs.fj.ds.CollectionDefaultsTest" time="0.001"/>
  <testcase name="testLiftA2" classname="io.github.senthilganeshs.fj.ds.CollectionDefaultsTest" time="0.001"/>
  <testcase name="testMkString" classname="io.github.senthilganeshs.fj.ds.CollectionDefaultsTest" time="0.003"/>
  <testcase name="testSequence" classname="io.github.senthilganeshs.fj.ds.CollectionDefaultsTest" time="0.001"/>
  <testcase name="testTakeDropSlice" classname="io.github.senthilganeshs.fj.ds.CollectionDefaultsTest" time="0.001"/>
  <testcase name="testTraverse" classname="io.github.senthilganeshs.fj.ds.CollectionDefaultsTest" time="0.0"/>
  <system-out><![CDATA[]]></system-out>
  <system-err><![CDATA[]]></system-err>
</testsuite>
