<?xml version="1.0" encoding="UTF-8"?>
<testsuite name="io.github.senthilganeshs.fj.ds.HashMapTest" tests="7" skipped="0" failures="0" errors="0" timestamp="2026-04-24T11:42:13" hostname="AMB-7533LK" time="0.005">
  <properties/>
  <testcase name="testHashMapBasic" classname="io.github.senthilganeshs.fj.ds.HashMapTest" time="0.0"/>
  <testcase name="testHashMapCollectionAPIs" classname="io.github.senthilganeshs.fj.ds.HashMapTest" time="0.0"/>
  <testcase name="testHashMapCollision" classname="io.github.senthilganeshs.fj.ds.HashMapTest" time="0.001"/>
  <testcase name="testHashMapLarge" classname="io.github.senthilganeshs.fj.ds.HashMapTest" time="0.003"/>
  <testcase name="testHashMapPersistence" classname="io.github.senthilganeshs.fj.ds.HashMapTest" time="0.0"/>
  <testcase name="testHashMapRemove" classname="io.github.senthilganeshs.fj.ds.HashMapTest" time="0.0"/>
  <testcase name="testHashMapUpdate" classname="io.github.senthilganeshs.fj.ds.HashMapTest" time="0.001"/>
  <system-out><![CDATA[]]></system-out>
  <system-err><![CDATA[]]></system-err>
</testsuite>
