<?xml version="1.0" encoding="UTF-8"?>
<testsuite name="io.github.senthilganeshs.fj.ds.CollectionsTest" tests="19" skipped="0" failures="0" errors="0" timestamp="2026-04-24T11:56:35" hostname="AMB-7533LK" time="0.02">
  <properties/>
  <testcase name="testApply" classname="io.github.senthilganeshs.fj.ds.CollectionsTest" time="0.003"/>
  <testcase name="testBinarytree" classname="io.github.senthilganeshs.fj.ds.CollectionsTest" time="0.0"/>
  <testcase name="testConcat" classname="io.github.senthilganeshs.fj.ds.CollectionsTest" time="0.0"/>
  <testcase name="testDeque" classname="io.github.senthilganeshs.fj.ds.CollectionsTest" time="0.003"/>
  <testcase name="testEither" classname="io.github.senthilganeshs.fj.ds.CollectionsTest" time="0.001"/>
  <testcase name="testFilter" classname="io.github.senthilganeshs.fj.ds.CollectionsTest" time="0.0"/>
  <testcase name="testFlatMap" classname="io.github.senthilganeshs.fj.ds.CollectionsTest" time="0.001"/>
  <testcase name="testGenericCollectionAPIs" classname="io.github.senthilganeshs.fj.ds.CollectionsTest" time="0.001"/>
  <testcase name="testGraph" classname="io.github.senthilganeshs.fj.ds.CollectionsTest" time="0.003"/>
  <testcase name="testHashMap" classname="io.github.senthilganeshs.fj.ds.CollectionsTest" time="0.0"/>
  <testcase name="testLazyList" classname="io.github.senthilganeshs.fj.ds.CollectionsTest" time="0.002"/>
  <testcase name="testList" classname="io.github.senthilganeshs.fj.ds.CollectionsTest" time="0.001"/>
  <testcase name="testMap" classname="io.github.senthilganeshs.fj.ds.CollectionsTest" time="0.0"/>
  <testcase name="testPriorityQueue" classname="io.github.senthilganeshs.fj.ds.CollectionsTest" time="0.001"/>
  <testcase name="testQueue" classname="io.github.senthilganeshs.fj.ds.CollectionsTest" time="0.001"/>
  <testcase name="testRoseTree" classname="io.github.senthilganeshs.fj.ds.CollectionsTest" time="0.0"/>
  <testcase name="testSequence" classname="io.github.senthilganeshs.fj.ds.CollectionsTest" time="0.001"/>
  <testcase name="testTraverse" classname="io.github.senthilganeshs.fj.ds.CollectionsTest" time="0.001"/>
  <testcase name="testVector" classname="io.github.senthilganeshs.fj.ds.CollectionsTest" time="0.001"/>
  <system-out><![CDATA[]]></system-out>
  <system-err><![CDATA[]]></system-err>
</testsuite>
