<?xml version="1.0" encoding="UTF-8"?>
<testsuite name="io.github.senthilganeshs.fj.ds.StackTest" tests="5" skipped="0" failures="0" errors="0" timestamp="2026-04-24T11:52:22" hostname="AMB-7533LK" time="0.001">
  <properties/>
  <testcase name="testStackBasic" classname="io.github.senthilganeshs.fj.ds.StackTest" time="0.0"/>
  <testcase name="testStackCollectionAPIs" classname="io.github.senthilganeshs.fj.ds.StackTest" time="0.0"/>
  <testcase name="testStackEmpty" classname="io.github.senthilganeshs.fj.ds.StackTest" time="0.0"/>
  <testcase name="testStackPop" classname="io.github.senthilganeshs.fj.ds.StackTest" time="0.0"/>
  <testcase name="testStackReverse" classname="io.github.senthilganeshs.fj.ds.StackTest" time="0.001"/>
  <system-out><![CDATA[]]></system-out>
  <system-err><![CDATA[]]></system-err>
</testsuite>
