<?xml version="1.0" encoding="UTF-8"?>
<testsuite name="io.github.senthilganeshs.fj.ds.QueueTest" tests="5" skipped="0" failures="0" errors="0" timestamp="2026-04-24T11:50:29" hostname="AMB-7533LK" time="0.0">
  <properties/>
  <testcase name="testQueueBasic" classname="io.github.senthilganeshs.fj.ds.QueueTest" time="0.0"/>
  <testcase name="testQueueDequeue" classname="io.github.senthilganeshs.fj.ds.QueueTest" time="0.0"/>
  <testcase name="testQueueEmpty" classname="io.github.senthilganeshs.fj.ds.QueueTest" time="0.0"/>
  <testcase name="testQueueEquals" classname="io.github.senthilganeshs.fj.ds.QueueTest" time="0.0"/>
  <testcase name="testQueuePersistence" classname="io.github.senthilganeshs.fj.ds.QueueTest" time="0.0"/>
  <system-out><![CDATA[]]></system-out>
  <system-err><![CDATA[]]></system-err>
</testsuite>
